[01:31:44] INFO: ğŸ” Checking dependencies...
[01:31:44] INFO:    âœ… Found: robust_stake_scraper.py
[01:31:44] INFO:    âœ… Found: thumbnail_downloader_fixed.py
[01:31:44] INFO:    âœ… Found: complete_all_providers_parallel.js
[01:31:44] INFO:    âœ… Found: hardcoded_providers.py
[01:31:44] INFO:    âœ… Node.js: v24.4.1
[01:31:44] INFO:    âœ… Python package: requests
[01:31:44] INFO:    âœ… Python package: pillow
[01:31:44] INFO:    âœ… Python package: beautifulsoup4
[01:31:45] INFO:    âœ… Python package: aiohttp
[01:31:45] INFO: 
============================================================
[01:31:45] INFO: ğŸ“‹ STEP 1: Initial Game Data Scraping
[01:31:45] INFO: ============================================================
[01:31:45] INFO: ğŸ Running Python script: robust_stake_scraper.py
[01:31:45] INFO:    Command: C:\Users\Zaryab Jibu\AppData\Local\Programs\Python\Python311\python.exe C:\Users\Zaryab Jibu\Desktop\Python\Stake_clean\robust_stake_scraper.py
   ğŸ“‹ --- Logging error ---
   ğŸ“‹ Traceback (most recent call last):
   ğŸ“‹ File "C:\Users\Zaryab Jibu\AppData\Local\Programs\Python\Python311\Lib\logging\__init__.py", line 1113, in emit
   ğŸ“‹ stream.write(msg + self.terminator)
   ğŸ“‹ File "C:\Users\Zaryab Jibu\AppData\Local\Programs\Python\Python311\Lib\encodings\cp1252.py", line 19, in encode
   ğŸ“‹ return codecs.charmap_encode(input,self.errors,encoding_table)[0]
   ğŸ“‹ ^^^^^^^^^^^^^^^^^^^^^^^^^^^^^^^^^^^^^^^^^^^^^^^^^^^^^^^
   ğŸ“‹ UnicodeEncodeError: 'charmap' codec can't encode character '\U0001f680' in position 33: character maps to <undefined>
   ğŸ“‹ Call stack:
   ğŸ“‹ File "C:\Users\Zaryab Jibu\Desktop\Python\Stake_clean\robust_stake_scraper.py", line 1060, in <module>
   ğŸ“‹ asyncio.run(main())
   ğŸ“‹ File "C:\Users\Zaryab Jibu\AppData\Local\Programs\Python\Python311\Lib\asyncio\runners.py", line 190, in run
   ğŸ“‹ return runner.run(main)
   ğŸ“‹ File "C:\Users\Zaryab Jibu\AppData\Local\Programs\Python\Python311\Lib\asyncio\runners.py", line 118, in run
   ğŸ“‹ return self._loop.run_until_complete(task)
   ğŸ“‹ File "C:\Users\Zaryab Jibu\AppData\Local\Programs\Python\Python311\Lib\asyncio\base_events.py", line 640, in run_until_complete
   ğŸ“‹ self.run_forever()
   ğŸ“‹ File "C:\Users\Zaryab Jibu\AppData\Local\Programs\Python\Python311\Lib\asyncio\windows_events.py", line 321, in run_forever
   ğŸ“‹ super().run_forever()
   ğŸ“‹ File "C:\Users\Zaryab Jibu\AppData\Local\Programs\Python\Python311\Lib\asyncio\base_events.py", line 607, in run_forever
   ğŸ“‹ self._run_once()
   ğŸ“‹ File "C:\Users\Zaryab Jibu\AppData\Local\Programs\Python\Python311\Lib\asyncio\base_events.py", line 1922, in _run_once
   ğŸ“‹ handle._run()
   ğŸ“‹ File "C:\Users\Zaryab Jibu\AppData\Local\Programs\Python\Python311\Lib\asyncio\events.py", line 80, in _run
   ğŸ“‹ self._context.run(self._callback, *self._args)
   ğŸ“‹ File "C:\Users\Zaryab Jibu\Desktop\Python\Stake_clean\robust_stake_scraper.py", line 1056, in main
   ğŸ“‹ scraper = RobustStakeScraper()
   ğŸ“‹ File "C:\Users\Zaryab Jibu\Desktop\Python\Stake_clean\robust_stake_scraper.py", line 125, in __init__
   ğŸ“‹ self.setup_logging()
   ğŸ“‹ File "C:\Users\Zaryab Jibu\Desktop\Python\Stake_clean\robust_stake_scraper.py", line 210, in setup_logging
   ğŸ“‹ self.logger.info("\U0001f680 Robust Stake Scraper initialized")
   ğŸ“‹ Message: '\U0001f680 Robust Stake Scraper initialized'
   ğŸ“‹ Arguments: ()
   ğŸ“‹ --- Logging error ---
   ğŸ“‹ Traceback (most recent call last):
   ğŸ“‹ File "C:\Users\Zaryab Jibu\AppData\Local\Programs\Python\Python311\Lib\logging\__init__.py", line 1113, in emit
   ğŸ“‹ stream.write(msg + self.terminator)
   ğŸ“‹ File "C:\Users\Zaryab Jibu\AppData\Local\Programs\Python\Python311\Lib\encodings\cp1252.py", line 19, in encode
   ğŸ“‹ return codecs.charmap_encode(input,self.errors,encoding_table)[0]
   ğŸ“‹ ^^^^^^^^^^^^^^^^^^^^^^^^^^^^^^^^^^^^^^^^^^^^^^^^^^^^^^^
   ğŸ“‹ UnicodeEncodeError: 'charmap' codec can't encode character '\U0001f4c1' in position 33: character maps to <undefined>
   ğŸ“‹ Call stack:
   ğŸ“‹ File "C:\Users\Zaryab Jibu\Desktop\Python\Stake_clean\robust_stake_scraper.py", line 1060, in <module>
   ğŸ“‹ asyncio.run(main())
   ğŸ“‹ File "C:\Users\Zaryab Jibu\AppData\Local\Programs\Python\Python311\Lib\asyncio\runners.py", line 190, in run
   ğŸ“‹ return runner.run(main)
   ğŸ“‹ File "C:\Users\Zaryab Jibu\AppData\Local\Programs\Python\Python311\Lib\asyncio\runners.py", line 118, in run
   ğŸ“‹ return self._loop.run_until_complete(task)
   ğŸ“‹ File "C:\Users\Zaryab Jibu\AppData\Local\Programs\Python\Python311\Lib\asyncio\base_events.py", line 640, in run_until_complete
   ğŸ“‹ self.run_forever()
   ğŸ“‹ File "C:\Users\Zaryab Jibu\AppData\Local\Programs\Python\Python311\Lib\asyncio\windows_events.py", line 321, in run_forever
   ğŸ“‹ super().run_forever()
   ğŸ“‹ File "C:\Users\Zaryab Jibu\AppData\Local\Programs\Python\Python311\Lib\asyncio\base_events.py", line 607, in run_forever
   ğŸ“‹ self._run_once()
   ğŸ“‹ File "C:\Users\Zaryab Jibu\AppData\Local\Programs\Python\Python311\Lib\asyncio\base_events.py", line 1922, in _run_once
   ğŸ“‹ handle._run()
   ğŸ“‹ File "C:\Users\Zaryab Jibu\AppData\Local\Programs\Python\Python311\Lib\asyncio\events.py", line 80, in _run
   ğŸ“‹ self._context.run(self._callback, *self._args)
   ğŸ“‹ File "C:\Users\Zaryab Jibu\Desktop\Python\Stake_clean\robust_stake_scraper.py", line 1056, in main
   ğŸ“‹ scraper = RobustStakeScraper()
   ğŸ“‹ File "C:\Users\Zaryab Jibu\Desktop\Python\Stake_clean\robust_stake_scraper.py", line 126, in __init__
   ğŸ“‹ self.setup_directories()
   ğŸ“‹ File "C:\Users\Zaryab Jibu\Desktop\Python\Stake_clean\robust_stake_scraper.py", line 224, in setup_directories
   ğŸ“‹ self.logger.info("\U0001f4c1 Directories created/verified")
   ğŸ“‹ Message: '\U0001f4c1 Directories created/verified'
   ğŸ“‹ Arguments: ()
   ğŸ“‹ --- Logging error ---
   ğŸ“‹ Traceback (most recent call last):
   ğŸ“‹ File "C:\Users\Zaryab Jibu\AppData\Local\Programs\Python\Python311\Lib\logging\__init__.py", line 1113, in emit
   ğŸ“‹ stream.write(msg + self.terminator)
   ğŸ“‹ File "C:\Users\Zaryab Jibu\AppData\Local\Programs\Python\Python311\Lib\encodings\cp1252.py", line 19, in encode
   ğŸ“‹ return codecs.charmap_encode(input,self.errors,encoding_table)[0]
   ğŸ“‹ ^^^^^^^^^^^^^^^^^^^^^^^^^^^^^^^^^^^^^^^^^^^^^^^^^^^^^^^
   ğŸ“‹ UnicodeEncodeError: 'charmap' codec can't encode character '\U0001f680' in position 33: character maps to <undefined>
   ğŸ“‹ Call stack:
   ğŸ“‹ File "C:\Users\Zaryab Jibu\Desktop\Python\Stake_clean\robust_stake_scraper.py", line 1060, in <module>
   ğŸ“‹ asyncio.run(main())
   ğŸ“‹ File "C:\Users\Zaryab Jibu\AppData\Local\Programs\Python\Python311\Lib\asyncio\runners.py", line 190, in run
   ğŸ“‹ return runner.run(main)
   ğŸ“‹ File "C:\Users\Zaryab Jibu\AppData\Local\Programs\Python\Python311\Lib\asyncio\runners.py", line 118, in run
   ğŸ“‹ return self._loop.run_until_complete(task)
   ğŸ“‹ File "C:\Users\Zaryab Jibu\AppData\Local\Programs\Python\Python311\Lib\asyncio\base_events.py", line 640, in run_until_complete
   ğŸ“‹ self.run_forever()
   ğŸ“‹ File "C:\Users\Zaryab Jibu\AppData\Local\Programs\Python\Python311\Lib\asyncio\windows_events.py", line 321, in run_forever
   ğŸ“‹ super().run_forever()
   ğŸ“‹ File "C:\Users\Zaryab Jibu\AppData\Local\Programs\Python\Python311\Lib\asyncio\base_events.py", line 607, in run_forever
   ğŸ“‹ self._run_once()
   ğŸ“‹ File "C:\Users\Zaryab Jibu\AppData\Local\Programs\Python\Python311\Lib\asyncio\base_events.py", line 1922, in _run_once
   ğŸ“‹ handle._run()
   ğŸ“‹ File "C:\Users\Zaryab Jibu\AppData\Local\Programs\Python\Python311\Lib\asyncio\events.py", line 80, in _run
   ğŸ“‹ self._context.run(self._callback, *self._args)
   ğŸ“‹ File "C:\Users\Zaryab Jibu\Desktop\Python\Stake_clean\robust_stake_scraper.py", line 1057, in main
   ğŸ“‹ await scraper.run()
   ğŸ“‹ File "C:\Users\Zaryab Jibu\Desktop\Python\Stake_clean\robust_stake_scraper.py", line 980, in run
   ğŸ“‹ self.logger.info("\U0001f680 Starting Robust Stake Scraper - Phase 1: Initial Data Collection")
   ğŸ“‹ Message: '\U0001f680 Starting Robust Stake Scraper - Phase 1: Initial Data Collection'
   ğŸ“‹ Arguments: ()
   ğŸ“‹ --- Logging error ---
   ğŸ“‹ Traceback (most recent call last):
   ğŸ“‹ File "C:\Users\Zaryab Jibu\AppData\Local\Programs\Python\Python311\Lib\logging\__init__.py", line 1113, in emit
   ğŸ“‹ stream.write(msg + self.terminator)
   ğŸ“‹ File "C:\Users\Zaryab Jibu\AppData\Local\Programs\Python\Python311\Lib\encodings\cp1252.py", line 19, in encode
   ğŸ“‹ return codecs.charmap_encode(input,self.errors,encoding_table)[0]
   ğŸ“‹ ^^^^^^^^^^^^^^^^^^^^^^^^^^^^^^^^^^^^^^^^^^^^^^^^^^^^^^^
   ğŸ“‹ UnicodeEncodeError: 'charmap' codec can't encode character '\U0001f4cb' in position 33: character maps to <undefined>
   ğŸ“‹ Call stack:
   ğŸ“‹ File "C:\Users\Zaryab Jibu\Desktop\Python\Stake_clean\robust_stake_scraper.py", line 1060, in <module>
   ğŸ“‹ asyncio.run(main())
   ğŸ“‹ File "C:\Users\Zaryab Jibu\AppData\Local\Programs\Python\Python311\Lib\asyncio\runners.py", line 190, in run
   ğŸ“‹ return runner.run(main)
   ğŸ“‹ File "C:\Users\Zaryab Jibu\AppData\Local\Programs\Python\Python311\Lib\asyncio\runners.py", line 118, in run
   ğŸ“‹ return self._loop.run_until_complete(task)
   ğŸ“‹ File "C:\Users\Zaryab Jibu\AppData\Local\Programs\Python\Python311\Lib\asyncio\base_events.py", line 640, in run_until_complete
   ğŸ“‹ self.run_forever()
   ğŸ“‹ File "C:\Users\Zaryab Jibu\AppData\Local\Programs\Python\Python311\Lib\asyncio\windows_events.py", line 321, in run_forever
   ğŸ“‹ super().run_forever()
   ğŸ“‹ File "C:\Users\Zaryab Jibu\AppData\Local\Programs\Python\Python311\Lib\asyncio\base_events.py", line 607, in run_forever
   ğŸ“‹ self._run_once()
   ğŸ“‹ File "C:\Users\Zaryab Jibu\AppData\Local\Programs\Python\Python311\Lib\asyncio\base_events.py", line 1922, in _run_once
   ğŸ“‹ handle._run()
   ğŸ“‹ File "C:\Users\Zaryab Jibu\AppData\Local\Programs\Python\Python311\Lib\asyncio\events.py", line 80, in _run
   ğŸ“‹ self._context.run(self._callback, *self._args)
   ğŸ“‹ File "C:\Users\Zaryab Jibu\Desktop\Python\Stake_clean\robust_stake_scraper.py", line 1057, in main
   ğŸ“‹ await scraper.run()
   ğŸ“‹ File "C:\Users\Zaryab Jibu\Desktop\Python\Stake_clean\robust_stake_scraper.py", line 984, in run
   ğŸ“‹ self.logger.info("\U0001f4cb Step 1: Fetching providers list...")
   ğŸ“‹ Message: '\U0001f4cb Step 1: Fetching providers list...'
   ğŸ“‹ Arguments: ()
   ğŸ“‹ --- Logging error ---
   ğŸ“‹ Traceback (most recent call last):
   ğŸ“‹ File "C:\Users\Zaryab Jibu\AppData\Local\Programs\Python\Python311\Lib\logging\__init__.py", line 1113, in emit
   ğŸ“‹ stream.write(msg + self.terminator)
   ğŸ“‹ File "C:\Users\Zaryab Jibu\AppData\Local\Programs\Python\Python311\Lib\encodings\cp1252.py", line 19, in encode
   ğŸ“‹ return codecs.charmap_encode(input,self.errors,encoding_table)[0]
   ğŸ“‹ ^^^^^^^^^^^^^^^^^^^^^^^^^^^^^^^^^^^^^^^^^^^^^^^^^^^^^^^
   ğŸ“‹ UnicodeEncodeError: 'charmap' codec can't encode character '\u2705' in position 33: character maps to <undefined>
   ğŸ“‹ Call stack:
   ğŸ“‹ File "C:\Users\Zaryab Jibu\Desktop\Python\Stake_clean\robust_stake_scraper.py", line 1060, in <module>
   ğŸ“‹ asyncio.run(main())
   ğŸ“‹ File "C:\Users\Zaryab Jibu\AppData\Local\Programs\Python\Python311\Lib\asyncio\runners.py", line 190, in run
   ğŸ“‹ return runner.run(main)
   ğŸ“‹ File "C:\Users\Zaryab Jibu\AppData\Local\Programs\Python\Python311\Lib\asyncio\runners.py", line 118, in run
   ğŸ“‹ return self._loop.run_until_complete(task)
   ğŸ“‹ File "C:\Users\Zaryab Jibu\AppData\Local\Programs\Python\Python311\Lib\asyncio\base_events.py", line 640, in run_until_complete
   ğŸ“‹ self.run_forever()
   ğŸ“‹ File "C:\Users\Zaryab Jibu\AppData\Local\Programs\Python\Python311\Lib\asyncio\windows_events.py", line 321, in run_forever
   ğŸ“‹ super().run_forever()
   ğŸ“‹ File "C:\Users\Zaryab Jibu\AppData\Local\Programs\Python\Python311\Lib\asyncio\base_events.py", line 607, in run_forever
   ğŸ“‹ self._run_once()
   ğŸ“‹ File "C:\Users\Zaryab Jibu\AppData\Local\Programs\Python\Python311\Lib\asyncio\base_events.py", line 1922, in _run_once
   ğŸ“‹ handle._run()
   ğŸ“‹ File "C:\Users\Zaryab Jibu\AppData\Local\Programs\Python\Python311\Lib\asyncio\events.py", line 80, in _run
   ğŸ“‹ self._context.run(self._callback, *self._args)
   ğŸ“‹ File "C:\Users\Zaryab Jibu\Desktop\Python\Stake_clean\robust_stake_scraper.py", line 1057, in main
   ğŸ“‹ await scraper.run()
   ğŸ“‹ File "C:\Users\Zaryab Jibu\Desktop\Python\Stake_clean\robust_stake_scraper.py", line 985, in run
   ğŸ“‹ providers = await self.fetch_providers()
   ğŸ“‹ File "C:\Users\Zaryab Jibu\Desktop\Python\Stake_clean\robust_stake_scraper.py", line 230, in fetch_providers
   ğŸ“‹ providers_checkpoint = self.checkpoint_manager.load_checkpoint("providers_list")
   ğŸ“‹ File "C:\Users\Zaryab Jibu\Desktop\Python\Stake_clean\robust_stake_scraper.py", line 103, in load_checkpoint
   ğŸ“‹ logging.info(f"\u2705 Checkpoint loaded: {checkpoint_name}")
   ğŸ“‹ Message: '\u2705 Checkpoint loaded: providers_list'
   ğŸ“‹ Arguments: ()
   ğŸ“‹ --- Logging error ---
   ğŸ“‹ Traceback (most recent call last):
   ğŸ“‹ File "C:\Users\Zaryab Jibu\AppData\Local\Programs\Python\Python311\Lib\logging\__init__.py", line 1113, in emit
   ğŸ“‹ stream.write(msg + self.terminator)
   ğŸ“‹ File "C:\Users\Zaryab Jibu\AppData\Local\Programs\Python\Python311\Lib\encodings\cp1252.py", line 19, in encode
   ğŸ“‹ return codecs.charmap_encode(input,self.errors,encoding_table)[0]
   ğŸ“‹ ^^^^^^^^^^^^^^^^^^^^^^^^^^^^^^^^^^^^^^^^^^^^^^^^^^^^^^^
   ğŸ“‹ UnicodeEncodeError: 'charmap' codec can't encode character '\U0001f4cb' in position 33: character maps to <undefined>
   ğŸ“‹ Call stack:
   ğŸ“‹ File "C:\Users\Zaryab Jibu\Desktop\Python\Stake_clean\robust_stake_scraper.py", line 1060, in <module>
   ğŸ“‹ asyncio.run(main())
   ğŸ“‹ File "C:\Users\Zaryab Jibu\AppData\Local\Programs\Python\Python311\Lib\asyncio\runners.py", line 190, in run
   ğŸ“‹ return runner.run(main)
   ğŸ“‹ File "C:\Users\Zaryab Jibu\AppData\Local\Programs\Python\Python311\Lib\asyncio\runners.py", line 118, in run
   ğŸ“‹ return self._loop.run_until_complete(task)
   ğŸ“‹ File "C:\Users\Zaryab Jibu\AppData\Local\Programs\Python\Python311\Lib\asyncio\base_events.py", line 640, in run_until_complete
   ğŸ“‹ self.run_forever()
   ğŸ“‹ File "C:\Users\Zaryab Jibu\AppData\Local\Programs\Python\Python311\Lib\asyncio\windows_events.py", line 321, in run_forever
   ğŸ“‹ super().run_forever()
   ğŸ“‹ File "C:\Users\Zaryab Jibu\AppData\Local\Programs\Python\Python311\Lib\asyncio\base_events.py", line 607, in run_forever
   ğŸ“‹ self._run_once()
   ğŸ“‹ File "C:\Users\Zaryab Jibu\AppData\Local\Programs\Python\Python311\Lib\asyncio\base_events.py", line 1922, in _run_once
   ğŸ“‹ handle._run()
   ğŸ“‹ File "C:\Users\Zaryab Jibu\AppData\Local\Programs\Python\Python311\Lib\asyncio\events.py", line 80, in _run
   ğŸ“‹ self._context.run(self._callback, *self._args)
   ğŸ“‹ File "C:\Users\Zaryab Jibu\Desktop\Python\Stake_clean\robust_stake_scraper.py", line 1057, in main
   ğŸ“‹ await scraper.run()
   ğŸ“‹ File "C:\Users\Zaryab Jibu\Desktop\Python\Stake_clean\robust_stake_scraper.py", line 985, in run
   ğŸ“‹ providers = await self.fetch_providers()
   ğŸ“‹ File "C:\Users\Zaryab Jibu\Desktop\Python\Stake_clean\robust_stake_scraper.py", line 232, in fetch_providers
   ğŸ“‹ self.logger.info("\U0001f4cb Loading providers from checkpoint...")
   ğŸ“‹ Message: '\U0001f4cb Loading providers from checkpoint...'
   ğŸ“‹ Arguments: ()
   ğŸ“‹ --- Logging error ---
   ğŸ“‹ Traceback (most recent call last):
   ğŸ“‹ File "C:\Users\Zaryab Jibu\AppData\Local\Programs\Python\Python311\Lib\logging\__init__.py", line 1113, in emit
   ğŸ“‹ stream.write(msg + self.terminator)
   ğŸ“‹ File "C:\Users\Zaryab Jibu\AppData\Local\Programs\Python\Python311\Lib\encodings\cp1252.py", line 19, in encode
   ğŸ“‹ return codecs.charmap_encode(input,self.errors,encoding_table)[0]
   ğŸ“‹ ^^^^^^^^^^^^^^^^^^^^^^^^^^^^^^^^^^^^^^^^^^^^^^^^^^^^^^^
   ğŸ“‹ UnicodeEncodeError: 'charmap' codec can't encode character '\U0001f3ae' in position 33: character maps to <undefined>
   ğŸ“‹ Call stack:
   ğŸ“‹ File "C:\Users\Zaryab Jibu\Desktop\Python\Stake_clean\robust_stake_scraper.py", line 1060, in <module>
   ğŸ“‹ asyncio.run(main())
   ğŸ“‹ File "C:\Users\Zaryab Jibu\AppData\Local\Programs\Python\Python311\Lib\asyncio\runners.py", line 190, in run
   ğŸ“‹ return runner.run(main)
   ğŸ“‹ File "C:\Users\Zaryab Jibu\AppData\Local\Programs\Python\Python311\Lib\asyncio\runners.py", line 118, in run
   ğŸ“‹ return self._loop.run_until_complete(task)
   ğŸ“‹ File "C:\Users\Zaryab Jibu\AppData\Local\Programs\Python\Python311\Lib\asyncio\base_events.py", line 640, in run_until_complete
   ğŸ“‹ self.run_forever()
   ğŸ“‹ File "C:\Users\Zaryab Jibu\AppData\Local\Programs\Python\Python311\Lib\asyncio\windows_events.py", line 321, in run_forever
   ğŸ“‹ super().run_forever()
   ğŸ“‹ File "C:\Users\Zaryab Jibu\AppData\Local\Programs\Python\Python311\Lib\asyncio\base_events.py", line 607, in run_forever
   ğŸ“‹ self._run_once()
   ğŸ“‹ File "C:\Users\Zaryab Jibu\AppData\Local\Programs\Python\Python311\Lib\asyncio\base_events.py", line 1922, in _run_once
   ğŸ“‹ handle._run()
   ğŸ“‹ File "C:\Users\Zaryab Jibu\AppData\Local\Programs\Python\Python311\Lib\asyncio\events.py", line 80, in _run
   ğŸ“‹ self._context.run(self._callback, *self._args)
   ğŸ“‹ File "C:\Users\Zaryab Jibu\Desktop\Python\Stake_clean\robust_stake_scraper.py", line 1057, in main
   ğŸ“‹ await scraper.run()
   ğŸ“‹ File "C:\Users\Zaryab Jibu\Desktop\Python\Stake_clean\robust_stake_scraper.py", line 988, in run
   ğŸ“‹ self.logger.info("\U0001f3ae Step 2: Fetching initial games data for all providers...")
   ğŸ“‹ Message: '\U0001f3ae Step 2: Fetching initial games data for all providers...'
   ğŸ“‹ Arguments: ()
   ğŸ“‹ --- Logging error ---
   ğŸ“‹ Traceback (most recent call last):
   ğŸ“‹ File "C:\Users\Zaryab Jibu\AppData\Local\Programs\Python\Python311\Lib\logging\__init__.py", line 1113, in emit
   ğŸ“‹ stream.write(msg + self.terminator)
   ğŸ“‹ File "C:\Users\Zaryab Jibu\AppData\Local\Programs\Python\Python311\Lib\encodings\cp1252.py", line 19, in encode
   ğŸ“‹ return codecs.charmap_encode(input,self.errors,encoding_table)[0]
   ğŸ“‹ ^^^^^^^^^^^^^^^^^^^^^^^^^^^^^^^^^^^^^^^^^^^^^^^^^^^^^^^
   ğŸ“‹ UnicodeEncodeError: 'charmap' codec can't encode character '\U0001f680' in position 33: character maps to <undefined>
   ğŸ“‹ Call stack:
   ğŸ“‹ File "C:\Users\Zaryab Jibu\Desktop\Python\Stake_clean\robust_stake_scraper.py", line 1060, in <module>
   ğŸ“‹ asyncio.run(main())
   ğŸ“‹ File "C:\Users\Zaryab Jibu\AppData\Local\Programs\Python\Python311\Lib\asyncio\runners.py", line 190, in run
   ğŸ“‹ return runner.run(main)
   ğŸ“‹ File "C:\Users\Zaryab Jibu\AppData\Local\Programs\Python\Python311\Lib\asyncio\runners.py", line 118, in run
   ğŸ“‹ return self._loop.run_until_complete(task)
   ğŸ“‹ File "C:\Users\Zaryab Jibu\AppData\Local\Programs\Python\Python311\Lib\asyncio\base_events.py", line 640, in run_until_complete
   ğŸ“‹ self.run_forever()
   ğŸ“‹ File "C:\Users\Zaryab Jibu\AppData\Local\Programs\Python\Python311\Lib\asyncio\windows_events.py", line 321, in run_forever
   ğŸ“‹ super().run_forever()
   ğŸ“‹ File "C:\Users\Zaryab Jibu\AppData\Local\Programs\Python\Python311\Lib\asyncio\base_events.py", line 607, in run_forever
   ğŸ“‹ self._run_once()
   ğŸ“‹ File "C:\Users\Zaryab Jibu\AppData\Local\Programs\Python\Python311\Lib\asyncio\base_events.py", line 1922, in _run_once
   ğŸ“‹ handle._run()
   ğŸ“‹ File "C:\Users\Zaryab Jibu\AppData\Local\Programs\Python\Python311\Lib\asyncio\events.py", line 80, in _run
   ğŸ“‹ self._context.run(self._callback, *self._args)
   ğŸ“‹ File "C:\Users\Zaryab Jibu\Desktop\Python\Stake_clean\robust_stake_scraper.py", line 1057, in main
   ğŸ“‹ await scraper.run()
   ğŸ“‹ File "C:\Users\Zaryab Jibu\Desktop\Python\Stake_clean\robust_stake_scraper.py", line 989, in run
   ğŸ“‹ await self.process_all_providers_initial(providers)
   ğŸ“‹ File "C:\Users\Zaryab Jibu\Desktop\Python\Stake_clean\robust_stake_scraper.py", line 834, in process_all_providers_initial
   ğŸ“‹ self.logger.info(f"\U0001f680 Starting initial fetch for {len(providers)} providers...")
   ğŸ“‹ Message: '\U0001f680 Starting initial fetch for 49 providers...'
   ğŸ“‹ Arguments: ()
   ğŸ“‹ --- Logging error ---
   ğŸ“‹ Traceback (most recent call last):
   ğŸ“‹ File "C:\Users\Zaryab Jibu\AppData\Local\Programs\Python\Python311\Lib\logging\__init__.py", line 1113, in emit
   ğŸ“‹ stream.write(msg + self.terminator)
   ğŸ“‹ File "C:\Users\Zaryab Jibu\AppData\Local\Programs\Python\Python311\Lib\encodings\cp1252.py", line 19, in encode
   ğŸ“‹ return codecs.charmap_encode(input,self.errors,encoding_table)[0]
   ğŸ“‹ ^^^^^^^^^^^^^^^^^^^^^^^^^^^^^^^^^^^^^^^^^^^^^^^^^^^^^^^
   ğŸ“‹ UnicodeEncodeError: 'charmap' codec can't encode character '\u2705' in position 33: character maps to <undefined>
   ğŸ“‹ Call stack:
   ğŸ“‹ File "C:\Users\Zaryab Jibu\Desktop\Python\Stake_clean\robust_stake_scraper.py", line 1060, in <module>
   ğŸ“‹ asyncio.run(main())
   ğŸ“‹ File "C:\Users\Zaryab Jibu\AppData\Local\Programs\Python\Python311\Lib\asyncio\runners.py", line 190, in run
   ğŸ“‹ return runner.run(main)
   ğŸ“‹ File "C:\Users\Zaryab Jibu\AppData\Local\Programs\Python\Python311\Lib\asyncio\runners.py", line 118, in run
   ğŸ“‹ return self._loop.run_until_complete(task)
   ğŸ“‹ File "C:\Users\Zaryab Jibu\AppData\Local\Programs\Python\Python311\Lib\asyncio\base_events.py", line 640, in run_until_complete
   ğŸ“‹ self.run_forever()
   ğŸ“‹ File "C:\Users\Zaryab Jibu\AppData\Local\Programs\Python\Python311\Lib\asyncio\windows_events.py", line 321, in run_forever
   ğŸ“‹ super().run_forever()
   ğŸ“‹ File "C:\Users\Zaryab Jibu\AppData\Local\Programs\Python\Python311\Lib\asyncio\base_events.py", line 607, in run_forever
   ğŸ“‹ self._run_once()
   ğŸ“‹ File "C:\Users\Zaryab Jibu\AppData\Local\Programs\Python\Python311\Lib\asyncio\base_events.py", line 1922, in _run_once
   ğŸ“‹ handle._run()
   ğŸ“‹ File "C:\Users\Zaryab Jibu\AppData\Local\Programs\Python\Python311\Lib\asyncio\events.py", line 80, in _run
   ğŸ“‹ self._context.run(self._callback, *self._args)
   ğŸ“‹ File "C:\Users\Zaryab Jibu\Desktop\Python\Stake_clean\robust_stake_scraper.py", line 841, in fetch_with_semaphore
   ğŸ“‹ return await self.fetch_provider_games_initial(provider)
   ğŸ“‹ File "C:\Users\Zaryab Jibu\Desktop\Python\Stake_clean\robust_stake_scraper.py", line 306, in fetch_provider_games_initial
   ğŸ“‹ existing_checkpoint = self.checkpoint_manager.load_checkpoint(checkpoint_name)
   ğŸ“‹ File "C:\Users\Zaryab Jibu\Desktop\Python\Stake_clean\robust_stake_scraper.py", line 103, in load_checkpoint
   ğŸ“‹ logging.info(f"\u2705 Checkpoint loaded: {checkpoint_name}")
   ğŸ“‹ Message: '\u2705 Checkpoint loaded: provider_pragmatic-play_initial'
   ğŸ“‹ Arguments: ()
   ğŸ“‹ --- Logging error ---
   ğŸ“‹ Traceback (most recent call last):
   ğŸ“‹ File "C:\Users\Zaryab Jibu\AppData\Local\Programs\Python\Python311\Lib\logging\__init__.py", line 1113, in emit
   ğŸ“‹ stream.write(msg + self.terminator)
   ğŸ“‹ File "C:\Users\Zaryab Jibu\AppData\Local\Programs\Python\Python311\Lib\encodings\cp1252.py", line 19, in encode
   ğŸ“‹ return codecs.charmap_encode(input,self.errors,encoding_table)[0]
   ğŸ“‹ ^^^^^^^^^^^^^^^^^^^^^^^^^^^^^^^^^^^^^^^^^^^^^^^^^^^^^^^
   ğŸ“‹ UnicodeEncodeError: 'charmap' codec can't encode character '\U0001f4cb' in position 33: character maps to <undefined>
   ğŸ“‹ Call stack:
   ğŸ“‹ File "C:\Users\Zaryab Jibu\Desktop\Python\Stake_clean\robust_stake_scraper.py", line 1060, in <module>
   ğŸ“‹ asyncio.run(main())
   ğŸ“‹ File "C:\Users\Zaryab Jibu\AppData\Local\Programs\Python\Python311\Lib\asyncio\runners.py", line 190, in run
   ğŸ“‹ return runner.run(main)
   ğŸ“‹ File "C:\Users\Zaryab Jibu\AppData\Local\Programs\Python\Python311\Lib\asyncio\runners.py", line 118, in run
   ğŸ“‹ return self._loop.run_until_complete(task)
   ğŸ“‹ File "C:\Users\Zaryab Jibu\AppData\Local\Programs\Python\Python311\Lib\asyncio\base_events.py", line 640, in run_until_complete
   ğŸ“‹ self.run_forever()
   ğŸ“‹ File "C:\Users\Zaryab Jibu\AppData\Local\Programs\Python\Python311\Lib\asyncio\windows_events.py", line 321, in run_forever
   ğŸ“‹ super().run_forever()
   ğŸ“‹ File "C:\Users\Zaryab Jibu\AppData\Local\Programs\Python\Python311\Lib\asyncio\base_events.py", line 607, in run_forever
   ğŸ“‹ self._run_once()
   ğŸ“‹ File "C:\Users\Zaryab Jibu\AppData\Local\Programs\Python\Python311\Lib\asyncio\base_events.py", line 1922, in _run_once
   ğŸ“‹ handle._run()
   ğŸ“‹ File "C:\Users\Zaryab Jibu\AppData\Local\Programs\Python\Python311\Lib\asyncio\events.py", line 80, in _run
   ğŸ“‹ self._context.run(self._callback, *self._args)
   ğŸ“‹ File "C:\Users\Zaryab Jibu\Desktop\Python\Stake_clean\robust_stake_scraper.py", line 841, in fetch_with_semaphore
   ğŸ“‹ return await self.fetch_provider_games_initial(provider)
   ğŸ“‹ File "C:\Users\Zaryab Jibu\Desktop\Python\Stake_clean\robust_stake_scraper.py", line 309, in fetch_provider_games_initial
   ğŸ“‹ self.logger.info(f"\U0001f4cb Provider {provider.name} initial data already fetched")
   ğŸ“‹ Message: '\U0001f4cb Provider Pragmatic Play initial data already fetched'
   ğŸ“‹ Arguments: ()
   ğŸ“‹ --- Logging error ---
   ğŸ“‹ Traceback (most recent call last):
   ğŸ“‹ File "C:\Users\Zaryab Jibu\AppData\Local\Programs\Python\Python311\Lib\logging\__init__.py", line 1113, in emit
   ğŸ“‹ stream.write(msg + self.terminator)
   ğŸ“‹ File "C:\Users\Zaryab Jibu\AppData\Local\Programs\Python\Python311\Lib\encodings\cp1252.py", line 19, in encode
   ğŸ“‹ return codecs.charmap_encode(input,self.errors,encoding_table)[0]
   ğŸ“‹ ^^^^^^^^^^^^^^^^^^^^^^^^^^^^^^^^^^^^^^^^^^^^^^^^^^^^^^^
   ğŸ“‹ UnicodeEncodeError: 'charmap' codec can't encode character '\u2705' in position 33: character maps to <undefined>
   ğŸ“‹ Call stack:
   ğŸ“‹ File "C:\Users\Zaryab Jibu\Desktop\Python\Stake_clean\robust_stake_scraper.py", line 1060, in <module>
   ğŸ“‹ asyncio.run(main())
   ğŸ“‹ File "C:\Users\Zaryab Jibu\AppData\Local\Programs\Python\Python311\Lib\asyncio\runners.py", line 190, in run
   ğŸ“‹ return runner.run(main)
   ğŸ“‹ File "C:\Users\Zaryab Jibu\AppData\Local\Programs\Python\Python311\Lib\asyncio\runners.py", line 118, in run
   ğŸ“‹ return self._loop.run_until_complete(task)
   ğŸ“‹ File "C:\Users\Zaryab Jibu\AppData\Local\Programs\Python\Python311\Lib\asyncio\base_events.py", line 640, in run_until_complete
   ğŸ“‹ self.run_forever()
   ğŸ“‹ File "C:\Users\Zaryab Jibu\AppData\Local\Programs\Python\Python311\Lib\asyncio\windows_events.py", line 321, in run_forever
   ğŸ“‹ super().run_forever()
   ğŸ“‹ File "C:\Users\Zaryab Jibu\AppData\Local\Programs\Python\Python311\Lib\asyncio\base_events.py", line 607, in run_forever
   ğŸ“‹ self._run_once()
   ğŸ“‹ File "C:\Users\Zaryab Jibu\AppData\Local\Programs\Python\Python311\Lib\asyncio\base_events.py", line 1922, in _run_once
   ğŸ“‹ handle._run()
   ğŸ“‹ File "C:\Users\Zaryab Jibu\AppData\Local\Programs\Python\Python311\Lib\asyncio\events.py", line 80, in _run
   ğŸ“‹ self._context.run(self._callback, *self._args)
   ğŸ“‹ File "C:\Users\Zaryab Jibu\Desktop\Python\Stake_clean\robust_stake_scraper.py", line 841, in fetch_with_semaphore
   ğŸ“‹ return await self.fetch_provider_games_initial(provider)
   ğŸ“‹ File "C:\Users\Zaryab Jibu\Desktop\Python\Stake_clean\robust_stake_scraper.py", line 306, in fetch_provider_games_initial
   ğŸ“‹ existing_checkpoint = self.checkpoint_manager.load_checkpoint(checkpoint_name)
   ğŸ“‹ File "C:\Users\Zaryab Jibu\Desktop\Python\Stake_clean\robust_stake_scraper.py", line 103, in load_checkpoint
   ğŸ“‹ logging.info(f"\u2705 Checkpoint loaded: {checkpoint_name}")
   ğŸ“‹ Message: '\u2705 Checkpoint loaded: provider_stake-originals_initial'
   ğŸ“‹ Arguments: ()
   ğŸ“‹ --- Logging error ---
   ğŸ“‹ Traceback (most recent call last):
   ğŸ“‹ File "C:\Users\Zaryab Jibu\AppData\Local\Programs\Python\Python311\Lib\logging\__init__.py", line 1113, in emit
   ğŸ“‹ stream.write(msg + self.terminator)
   ğŸ“‹ File "C:\Users\Zaryab Jibu\AppData\Local\Programs\Python\Python311\Lib\encodings\cp1252.py", line 19, in encode
   ğŸ“‹ return codecs.charmap_encode(input,self.errors,encoding_table)[0]
   ğŸ“‹ ^^^^^^^^^^^^^^^^^^^^^^^^^^^^^^^^^^^^^^^^^^^^^^^^^^^^^^^
   ğŸ“‹ UnicodeEncodeError: 'charmap' codec can't encode character '\U0001f4cb' in position 33: character maps to <undefined>
   ğŸ“‹ Call stack:
   ğŸ“‹ File "C:\Users\Zaryab Jibu\Desktop\Python\Stake_clean\robust_stake_scraper.py", line 1060, in <module>
   ğŸ“‹ asyncio.run(main())
   ğŸ“‹ File "C:\Users\Zaryab Jibu\AppData\Local\Programs\Python\Python311\Lib\asyncio\runners.py", line 190, in run
   ğŸ“‹ return runner.run(main)
   ğŸ“‹ File "C:\Users\Zaryab Jibu\AppData\Local\Programs\Python\Python311\Lib\asyncio\runners.py", line 118, in run
   ğŸ“‹ return self._loop.run_until_complete(task)
   ğŸ“‹ File "C:\Users\Zaryab Jibu\AppData\Local\Programs\Python\Python311\Lib\asyncio\base_events.py", line 640, in run_until_complete
   ğŸ“‹ self.run_forever()
   ğŸ“‹ File "C:\Users\Zaryab Jibu\AppData\Local\Programs\Python\Python311\Lib\asyncio\windows_events.py", line 321, in run_forever
   ğŸ“‹ super().run_forever()
   ğŸ“‹ File "C:\Users\Zaryab Jibu\AppData\Local\Programs\Python\Python311\Lib\asyncio\base_events.py", line 607, in run_forever
   ğŸ“‹ self._run_once()
   ğŸ“‹ File "C:\Users\Zaryab Jibu\AppData\Local\Programs\Python\Python311\Lib\asyncio\base_events.py", line 1922, in _run_once
   ğŸ“‹ handle._run()
   ğŸ“‹ File "C:\Users\Zaryab Jibu\AppData\Local\Programs\Python\Python311\Lib\asyncio\events.py", line 80, in _run
   ğŸ“‹ self._context.run(self._callback, *self._args)
   ğŸ“‹ File "C:\Users\Zaryab Jibu\Desktop\Python\Stake_clean\robust_stake_scraper.py", line 841, in fetch_with_semaphore
   ğŸ“‹ return await self.fetch_provider_games_initial(provider)
   ğŸ“‹ File "C:\Users\Zaryab Jibu\Desktop\Python\Stake_clean\robust_stake_scraper.py", line 309, in fetch_provider_games_initial
   ğŸ“‹ self.logger.info(f"\U0001f4cb Provider {provider.name} initial data already fetched")
   ğŸ“‹ Message: '\U0001f4cb Provider Stake Originals initial data already fetched'
   ğŸ“‹ Arguments: ()
   ğŸ“‹ --- Logging error ---
   ğŸ“‹ Traceback (most recent call last):
   ğŸ“‹ File "C:\Users\Zaryab Jibu\AppData\Local\Programs\Python\Python311\Lib\logging\__init__.py", line 1113, in emit
   ğŸ“‹ stream.write(msg + self.terminator)
   ğŸ“‹ File "C:\Users\Zaryab Jibu\AppData\Local\Programs\Python\Python311\Lib\encodings\cp1252.py", line 19, in encode
   ğŸ“‹ return codecs.charmap_encode(input,self.errors,encoding_table)[0]
   ğŸ“‹ ^^^^^^^^^^^^^^^^^^^^^^^^^^^^^^^^^^^^^^^^^^^^^^^^^^^^^^^
   ğŸ“‹ UnicodeEncodeError: 'charmap' codec can't encode character '\u2705' in position 33: character maps to <undefined>
   ğŸ“‹ Call stack:
   ğŸ“‹ File "C:\Users\Zaryab Jibu\Desktop\Python\Stake_clean\robust_stake_scraper.py", line 1060, in <module>
   ğŸ“‹ asyncio.run(main())
   ğŸ“‹ File "C:\Users\Zaryab Jibu\AppData\Local\Programs\Python\Python311\Lib\asyncio\runners.py", line 190, in run
   ğŸ“‹ return runner.run(main)
   ğŸ“‹ File "C:\Users\Zaryab Jibu\AppData\Local\Programs\Python\Python311\Lib\asyncio\runners.py", line 118, in run
   ğŸ“‹ return self._loop.run_until_complete(task)
   ğŸ“‹ File "C:\Users\Zaryab Jibu\AppData\Local\Programs\Python\Python311\Lib\asyncio\base_events.py", line 640, in run_until_complete
   ğŸ“‹ self.run_forever()
   ğŸ“‹ File "C:\Users\Zaryab Jibu\AppData\Local\Programs\Python\Python311\Lib\asyncio\windows_events.py", line 321, in run_forever
   ğŸ“‹ super().run_forever()
   ğŸ“‹ File "C:\Users\Zaryab Jibu\AppData\Local\Programs\Python\Python311\Lib\asyncio\base_events.py", line 607, in run_forever
   ğŸ“‹ self._run_once()
   ğŸ“‹ File "C:\Users\Zaryab Jibu\AppData\Local\Programs\Python\Python311\Lib\asyncio\base_events.py", line 1922, in _run_once
   ğŸ“‹ handle._run()
   ğŸ“‹ File "C:\Users\Zaryab Jibu\AppData\Local\Programs\Python\Python311\Lib\asyncio\events.py", line 80, in _run
   ğŸ“‹ self._context.run(self._callback, *self._args)
   ğŸ“‹ File "C:\Users\Zaryab Jibu\Desktop\Python\Stake_clean\robust_stake_scraper.py", line 841, in fetch_with_semaphore
   ğŸ“‹ return await self.fetch_provider_games_initial(provider)
   ğŸ“‹ File "C:\Users\Zaryab Jibu\Desktop\Python\Stake_clean\robust_stake_scraper.py", line 306, in fetch_provider_games_initial
   ğŸ“‹ existing_checkpoint = self.checkpoint_manager.load_checkpoint(checkpoint_name)
   ğŸ“‹ File "C:\Users\Zaryab Jibu\Desktop\Python\Stake_clean\robust_stake_scraper.py", line 103, in load_checkpoint
   ğŸ“‹ logging.info(f"\u2705 Checkpoint loaded: {checkpoint_name}")
   ğŸ“‹ Message: '\u2705 Checkpoint loaded: provider_hacksaw-gaming_initial'
   ğŸ“‹ Arguments: ()
   ğŸ“‹ --- Logging error ---
   ğŸ“‹ Traceback (most recent call last):
   ğŸ“‹ File "C:\Users\Zaryab Jibu\AppData\Local\Programs\Python\Python311\Lib\logging\__init__.py", line 1113, in emit
   ğŸ“‹ stream.write(msg + self.terminator)
   ğŸ“‹ File "C:\Users\Zaryab Jibu\AppData\Local\Programs\Python\Python311\Lib\encodings\cp1252.py", line 19, in encode
   ğŸ“‹ return codecs.charmap_encode(input,self.errors,encoding_table)[0]
   ğŸ“‹ ^^^^^^^^^^^^^^^^^^^^^^^^^^^^^^^^^^^^^^^^^^^^^^^^^^^^^^^
   ğŸ“‹ UnicodeEncodeError: 'charmap' codec can't encode character '\U0001f4cb' in position 33: character maps to <undefined>
   ğŸ“‹ Call stack:
   ğŸ“‹ File "C:\Users\Zaryab Jibu\Desktop\Python\Stake_clean\robust_stake_scraper.py", line 1060, in <module>
   ğŸ“‹ asyncio.run(main())
   ğŸ“‹ File "C:\Users\Zaryab Jibu\AppData\Local\Programs\Python\Python311\Lib\asyncio\runners.py", line 190, in run
   ğŸ“‹ return runner.run(main)
   ğŸ“‹ File "C:\Users\Zaryab Jibu\AppData\Local\Programs\Python\Python311\Lib\asyncio\runners.py", line 118, in run
   ğŸ“‹ return self._loop.run_until_complete(task)
   ğŸ“‹ File "C:\Users\Zaryab Jibu\AppData\Local\Programs\Python\Python311\Lib\asyncio\base_events.py", line 640, in run_until_complete
   ğŸ“‹ self.run_forever()
   ğŸ“‹ File "C:\Users\Zaryab Jibu\AppData\Local\Programs\Python\Python311\Lib\asyncio\windows_events.py", line 321, in run_forever
   ğŸ“‹ super().run_forever()
   ğŸ“‹ File "C:\Users\Zaryab Jibu\AppData\Local\Programs\Python\Python311\Lib\asyncio\base_events.py", line 607, in run_forever
   ğŸ“‹ self._run_once()
   ğŸ“‹ File "C:\Users\Zaryab Jibu\AppData\Local\Programs\Python\Python311\Lib\asyncio\base_events.py", line 1922, in _run_once
   ğŸ“‹ handle._run()
   ğŸ“‹ File "C:\Users\Zaryab Jibu\AppData\Local\Programs\Python\Python311\Lib\asyncio\events.py", line 80, in _run
   ğŸ“‹ self._context.run(self._callback, *self._args)
   ğŸ“‹ File "C:\Users\Zaryab Jibu\Desktop\Python\Stake_clean\robust_stake_scraper.py", line 841, in fetch_with_semaphore
   ğŸ“‹ return await self.fetch_provider_games_initial(provider)
   ğŸ“‹ File "C:\Users\Zaryab Jibu\Desktop\Python\Stake_clean\robust_stake_scraper.py", line 309, in fetch_provider_games_initial
   ğŸ“‹ self.logger.info(f"\U0001f4cb Provider {provider.name} initial data already fetched")
   ğŸ“‹ Message: '\U0001f4cb Provider Hacksaw Gaming initial data already fetched'
   ğŸ“‹ Arguments: ()
   ğŸ“‹ --- Logging error ---
   ğŸ“‹ Traceback (most recent call last):
   ğŸ“‹ File "C:\Users\Zaryab Jibu\AppData\Local\Programs\Python\Python311\Lib\logging\__init__.py", line 1113, in emit
   ğŸ“‹ stream.write(msg + self.terminator)
   ğŸ“‹ File "C:\Users\Zaryab Jibu\AppData\Local\Programs\Python\Python311\Lib\encodings\cp1252.py", line 19, in encode
   ğŸ“‹ return codecs.charmap_encode(input,self.errors,encoding_table)[0]
   ğŸ“‹ ^^^^^^^^^^^^^^^^^^^^^^^^^^^^^^^^^^^^^^^^^^^^^^^^^^^^^^^
   ğŸ“‹ UnicodeEncodeError: 'charmap' codec can't encode character '\u2705' in position 33: character maps to <undefined>
   ğŸ“‹ Call stack:
   ğŸ“‹ File "C:\Users\Zaryab Jibu\Desktop\Python\Stake_clean\robust_stake_scraper.py", line 1060, in <module>
   ğŸ“‹ asyncio.run(main())
   ğŸ“‹ File "C:\Users\Zaryab Jibu\AppData\Local\Programs\Python\Python311\Lib\asyncio\runners.py", line 190, in run
   ğŸ“‹ return runner.run(main)
   ğŸ“‹ File "C:\Users\Zaryab Jibu\AppData\Local\Programs\Python\Python311\Lib\asyncio\runners.py", line 118, in run
   ğŸ“‹ return self._loop.run_until_complete(task)
   ğŸ“‹ File "C:\Users\Zaryab Jibu\AppData\Local\Programs\Python\Python311\Lib\asyncio\base_events.py", line 640, in run_until_complete
   ğŸ“‹ self.run_forever()
   ğŸ“‹ File "C:\Users\Zaryab Jibu\AppData\Local\Programs\Python\Python311\Lib\asyncio\windows_events.py", line 321, in run_forever
   ğŸ“‹ super().run_forever()
   ğŸ“‹ File "C:\Users\Zaryab Jibu\AppData\Local\Programs\Python\Python311\Lib\asyncio\base_events.py", line 607, in run_forever
   ğŸ“‹ self._run_once()
   ğŸ“‹ File "C:\Users\Zaryab Jibu\AppData\Local\Programs\Python\Python311\Lib\asyncio\base_events.py", line 1922, in _run_once
   ğŸ“‹ handle._run()
   ğŸ“‹ File "C:\Users\Zaryab Jibu\AppData\Local\Programs\Python\Python311\Lib\asyncio\events.py", line 80, in _run
   ğŸ“‹ self._context.run(self._callback, *self._args)
   ğŸ“‹ File "C:\Users\Zaryab Jibu\Desktop\Python\Stake_clean\robust_stake_scraper.py", line 841, in fetch_with_semaphore
   ğŸ“‹ return await self.fetch_provider_games_initial(provider)
   ğŸ“‹ File "C:\Users\Zaryab Jibu\Desktop\Python\Stake_clean\robust_stake_scraper.py", line 306, in fetch_provider_games_initial
   ğŸ“‹ existing_checkpoint = self.checkpoint_manager.load_checkpoint(checkpoint_name)
   ğŸ“‹ File "C:\Users\Zaryab Jibu\Desktop\Python\Stake_clean\robust_stake_scraper.py", line 103, in load_checkpoint
   ğŸ“‹ logging.info(f"\u2705 Checkpoint loaded: {checkpoint_name}")
   ğŸ“‹ Message: '\u2705 Checkpoint loaded: provider_evolution-gaming_initial'
   ğŸ“‹ Arguments: ()
   ğŸ“‹ --- Logging error ---
   ğŸ“‹ Traceback (most recent call last):
   ğŸ“‹ File "C:\Users\Zaryab Jibu\AppData\Local\Programs\Python\Python311\Lib\logging\__init__.py", line 1113, in emit
   ğŸ“‹ stream.write(msg + self.terminator)
   ğŸ“‹ File "C:\Users\Zaryab Jibu\AppData\Local\Programs\Python\Python311\Lib\encodings\cp1252.py", line 19, in encode
   ğŸ“‹ return codecs.charmap_encode(input,self.errors,encoding_table)[0]
   ğŸ“‹ ^^^^^^^^^^^^^^^^^^^^^^^^^^^^^^^^^^^^^^^^^^^^^^^^^^^^^^^
   ğŸ“‹ UnicodeEncodeError: 'charmap' codec can't encode character '\U0001f4cb' in position 33: character maps to <undefined>
   ğŸ“‹ Call stack:
   ğŸ“‹ File "C:\Users\Zaryab Jibu\Desktop\Python\Stake_clean\robust_stake_scraper.py", line 1060, in <module>
   ğŸ“‹ asyncio.run(main())
   ğŸ“‹ File "C:\Users\Zaryab Jibu\AppData\Local\Programs\Python\Python311\Lib\asyncio\runners.py", line 190, in run
   ğŸ“‹ return runner.run(main)
   ğŸ“‹ File "C:\Users\Zaryab Jibu\AppData\Local\Programs\Python\Python311\Lib\asyncio\runners.py", line 118, in run
   ğŸ“‹ return self._loop.run_until_complete(task)
   ğŸ“‹ File "C:\Users\Zaryab Jibu\AppData\Local\Programs\Python\Python311\Lib\asyncio\base_events.py", line 640, in run_until_complete
   ğŸ“‹ self.run_forever()
   ğŸ“‹ File "C:\Users\Zaryab Jibu\AppData\Local\Programs\Python\Python311\Lib\asyncio\windows_events.py", line 321, in run_forever
   ğŸ“‹ super().run_forever()
   ğŸ“‹ File "C:\Users\Zaryab Jibu\AppData\Local\Programs\Python\Python311\Lib\asyncio\base_events.py", line 607, in run_forever
   ğŸ“‹ self._run_once()
   ğŸ“‹ File "C:\Users\Zaryab Jibu\AppData\Local\Programs\Python\Python311\Lib\asyncio\base_events.py", line 1922, in _run_once
   ğŸ“‹ handle._run()
   ğŸ“‹ File "C:\Users\Zaryab Jibu\AppData\Local\Programs\Python\Python311\Lib\asyncio\events.py", line 80, in _run
   ğŸ“‹ self._context.run(self._callback, *self._args)
   ğŸ“‹ File "C:\Users\Zaryab Jibu\Desktop\Python\Stake_clean\robust_stake_scraper.py", line 841, in fetch_with_semaphore
   ğŸ“‹ return await self.fetch_provider_games_initial(provider)
   ğŸ“‹ File "C:\Users\Zaryab Jibu\Desktop\Python\Stake_clean\robust_stake_scraper.py", line 309, in fetch_provider_games_initial
   ğŸ“‹ self.logger.info(f"\U0001f4cb Provider {provider.name} initial data already fetched")
   ğŸ“‹ Message: '\U0001f4cb Provider Evolution Gaming initial data already fetched'
   ğŸ“‹ Arguments: ()
   ğŸ“‹ --- Logging error ---
   ğŸ“‹ Traceback (most recent call last):
   ğŸ“‹ File "C:\Users\Zaryab Jibu\AppData\Local\Programs\Python\Python311\Lib\logging\__init__.py", line 1113, in emit
   ğŸ“‹ stream.write(msg + self.terminator)
   ğŸ“‹ File "C:\Users\Zaryab Jibu\AppData\Local\Programs\Python\Python311\Lib\encodings\cp1252.py", line 19, in encode
   ğŸ“‹ return codecs.charmap_encode(input,self.errors,encoding_table)[0]
   ğŸ“‹ ^^^^^^^^^^^^^^^^^^^^^^^^^^^^^^^^^^^^^^^^^^^^^^^^^^^^^^^
   ğŸ“‹ UnicodeEncodeError: 'charmap' codec can't encode character '\u2705' in position 33: character maps to <undefined>
   ğŸ“‹ Call stack:
   ğŸ“‹ File "C:\Users\Zaryab Jibu\Desktop\Python\Stake_clean\robust_stake_scraper.py", line 1060, in <module>
   ğŸ“‹ asyncio.run(main())
   ğŸ“‹ File "C:\Users\Zaryab Jibu\AppData\Local\Programs\Python\Python311\Lib\asyncio\runners.py", line 190, in run
   ğŸ“‹ return runner.run(main)
   ğŸ“‹ File "C:\Users\Zaryab Jibu\AppData\Local\Programs\Python\Python311\Lib\asyncio\runners.py", line 118, in run
   ğŸ“‹ return self._loop.run_until_complete(task)
   ğŸ“‹ File "C:\Users\Zaryab Jibu\AppData\Local\Programs\Python\Python311\Lib\asyncio\base_events.py", line 640, in run_until_complete
   ğŸ“‹ self.run_forever()
   ğŸ“‹ File "C:\Users\Zaryab Jibu\AppData\Local\Programs\Python\Python311\Lib\asyncio\windows_events.py", line 321, in run_forever
   ğŸ“‹ super().run_forever()
   ğŸ“‹ File "C:\Users\Zaryab Jibu\AppData\Local\Programs\Python\Python311\Lib\asyncio\base_events.py", line 607, in run_forever
   ğŸ“‹ self._run_once()
   ğŸ“‹ File "C:\Users\Zaryab Jibu\AppData\Local\Programs\Python\Python311\Lib\asyncio\base_events.py", line 1922, in _run_once
   ğŸ“‹ handle._run()
   ğŸ“‹ File "C:\Users\Zaryab Jibu\AppData\Local\Programs\Python\Python311\Lib\asyncio\events.py", line 80, in _run
   ğŸ“‹ self._context.run(self._callback, *self._args)
   ğŸ“‹ File "C:\Users\Zaryab Jibu\Desktop\Python\Stake_clean\robust_stake_scraper.py", line 841, in fetch_with_semaphore
   ğŸ“‹ return await self.fetch_provider_games_initial(provider)
   ğŸ“‹ File "C:\Users\Zaryab Jibu\Desktop\Python\Stake_clean\robust_stake_scraper.py", line 306, in fetch_provider_games_initial
   ğŸ“‹ existing_checkpoint = self.checkpoint_manager.load_checkpoint(checkpoint_name)
   ğŸ“‹ File "C:\Users\Zaryab Jibu\Desktop\Python\Stake_clean\robust_stake_scraper.py", line 103, in load_checkpoint
   ğŸ“‹ logging.info(f"\u2705 Checkpoint loaded: {checkpoint_name}")
   ğŸ“‹ Message: '\u2705 Checkpoint loaded: provider_no-limit-city_initial'
   ğŸ“‹ Arguments: ()
   ğŸ“‹ --- Logging error ---
   ğŸ“‹ Traceback (most recent call last):
   ğŸ“‹ File "C:\Users\Zaryab Jibu\AppData\Local\Programs\Python\Python311\Lib\logging\__init__.py", line 1113, in emit
   ğŸ“‹ stream.write(msg + self.terminator)
   ğŸ“‹ File "C:\Users\Zaryab Jibu\AppData\Local\Programs\Python\Python311\Lib\encodings\cp1252.py", line 19, in encode
   ğŸ“‹ return codecs.charmap_encode(input,self.errors,encoding_table)[0]
   ğŸ“‹ ^^^^^^^^^^^^^^^^^^^^^^^^^^^^^^^^^^^^^^^^^^^^^^^^^^^^^^^
   ğŸ“‹ UnicodeEncodeError: 'charmap' codec can't encode character '\U0001f4cb' in position 33: character maps to <undefined>
   ğŸ“‹ Call stack:
   ğŸ“‹ File "C:\Users\Zaryab Jibu\Desktop\Python\Stake_clean\robust_stake_scraper.py", line 1060, in <module>
   ğŸ“‹ asyncio.run(main())
   ğŸ“‹ File "C:\Users\Zaryab Jibu\AppData\Local\Programs\Python\Python311\Lib\asyncio\runners.py", line 190, in run
   ğŸ“‹ return runner.run(main)
   ğŸ“‹ File "C:\Users\Zaryab Jibu\AppData\Local\Programs\Python\Python311\Lib\asyncio\runners.py", line 118, in run
   ğŸ“‹ return self._loop.run_until_complete(task)
   ğŸ“‹ File "C:\Users\Zaryab Jibu\AppData\Local\Programs\Python\Python311\Lib\asyncio\base_events.py", line 640, in run_until_complete
   ğŸ“‹ self.run_forever()
   ğŸ“‹ File "C:\Users\Zaryab Jibu\AppData\Local\Programs\Python\Python311\Lib\asyncio\windows_events.py", line 321, in run_forever
   ğŸ“‹ super().run_forever()
   ğŸ“‹ File "C:\Users\Zaryab Jibu\AppData\Local\Programs\Python\Python311\Lib\asyncio\base_events.py", line 607, in run_forever
   ğŸ“‹ self._run_once()
   ğŸ“‹ File "C:\Users\Zaryab Jibu\AppData\Local\Programs\Python\Python311\Lib\asyncio\base_events.py", line 1922, in _run_once
   ğŸ“‹ handle._run()
   ğŸ“‹ File "C:\Users\Zaryab Jibu\AppData\Local\Programs\Python\Python311\Lib\asyncio\events.py", line 80, in _run
   ğŸ“‹ self._context.run(self._callback, *self._args)
   ğŸ“‹ File "C:\Users\Zaryab Jibu\Desktop\Python\Stake_clean\robust_stake_scraper.py", line 841, in fetch_with_semaphore
   ğŸ“‹ return await self.fetch_provider_games_initial(provider)
   ğŸ“‹ File "C:\Users\Zaryab Jibu\Desktop\Python\Stake_clean\robust_stake_scraper.py", line 309, in fetch_provider_games_initial
   ğŸ“‹ self.logger.info(f"\U0001f4cb Provider {provider.name} initial data already fetched")
   ğŸ“‹ Message: '\U0001f4cb Provider No Limit City initial data already fetched'
   ğŸ“‹ Arguments: ()
   ğŸ“‹ --- Logging error ---
   ğŸ“‹ Traceback (most recent call last):
   ğŸ“‹ File "C:\Users\Zaryab Jibu\AppData\Local\Programs\Python\Python311\Lib\logging\__init__.py", line 1113, in emit
   ğŸ“‹ stream.write(msg + self.terminator)
   ğŸ“‹ File "C:\Users\Zaryab Jibu\AppData\Local\Programs\Python\Python311\Lib\encodings\cp1252.py", line 19, in encode
   ğŸ“‹ return codecs.charmap_encode(input,self.errors,encoding_table)[0]
   ğŸ“‹ ^^^^^^^^^^^^^^^^^^^^^^^^^^^^^^^^^^^^^^^^^^^^^^^^^^^^^^^
   ğŸ“‹ UnicodeEncodeError: 'charmap' codec can't encode character '\u2705' in position 33: character maps to <undefined>
   ğŸ“‹ Call stack:
   ğŸ“‹ File "C:\Users\Zaryab Jibu\Desktop\Python\Stake_clean\robust_stake_scraper.py", line 1060, in <module>
   ğŸ“‹ asyncio.run(main())
   ğŸ“‹ File "C:\Users\Zaryab Jibu\AppData\Local\Programs\Python\Python311\Lib\asyncio\runners.py", line 190, in run
   ğŸ“‹ return runner.run(main)
   ğŸ“‹ File "C:\Users\Zaryab Jibu\AppData\Local\Programs\Python\Python311\Lib\asyncio\runners.py", line 118, in run
   ğŸ“‹ return self._loop.run_until_complete(task)
   ğŸ“‹ File "C:\Users\Zaryab Jibu\AppData\Local\Programs\Python\Python311\Lib\asyncio\base_events.py", line 640, in run_until_complete
   ğŸ“‹ self.run_forever()
   ğŸ“‹ File "C:\Users\Zaryab Jibu\AppData\Local\Programs\Python\Python311\Lib\asyncio\windows_events.py", line 321, in run_forever
   ğŸ“‹ super().run_forever()
   ğŸ“‹ File "C:\Users\Zaryab Jibu\AppData\Local\Programs\Python\Python311\Lib\asyncio\base_events.py", line 607, in run_forever
   ğŸ“‹ self._run_once()
   ğŸ“‹ File "C:\Users\Zaryab Jibu\AppData\Local\Programs\Python\Python311\Lib\asyncio\base_events.py", line 1922, in _run_once
   ğŸ“‹ handle._run()
   ğŸ“‹ File "C:\Users\Zaryab Jibu\AppData\Local\Programs\Python\Python311\Lib\asyncio\events.py", line 80, in _run
   ğŸ“‹ self._context.run(self._callback, *self._args)
   ğŸ“‹ File "C:\Users\Zaryab Jibu\Desktop\Python\Stake_clean\robust_stake_scraper.py", line 841, in fetch_with_semaphore
   ğŸ“‹ return await self.fetch_provider_games_initial(provider)
   ğŸ“‹ File "C:\Users\Zaryab Jibu\Desktop\Python\Stake_clean\robust_stake_scraper.py", line 306, in fetch_provider_games_initial
   ğŸ“‹ existing_checkpoint = self.checkpoint_manager.load_checkpoint(checkpoint_name)
   ğŸ“‹ File "C:\Users\Zaryab Jibu\Desktop\Python\Stake_clean\robust_stake_scraper.py", line 103, in load_checkpoint
   ğŸ“‹ logging.info(f"\u2705 Checkpoint loaded: {checkpoint_name}")
   ğŸ“‹ Message: '\u2705 Checkpoint loaded: provider_massive-studios_initial'
   ğŸ“‹ Arguments: ()
   ğŸ“‹ --- Logging error ---
   ğŸ“‹ Traceback (most recent call last):
   ğŸ“‹ File "C:\Users\Zaryab Jibu\AppData\Local\Programs\Python\Python311\Lib\logging\__init__.py", line 1113, in emit
   ğŸ“‹ stream.write(msg + self.terminator)
   ğŸ“‹ File "C:\Users\Zaryab Jibu\AppData\Local\Programs\Python\Python311\Lib\encodings\cp1252.py", line 19, in encode
   ğŸ“‹ return codecs.charmap_encode(input,self.errors,encoding_table)[0]
   ğŸ“‹ ^^^^^^^^^^^^^^^^^^^^^^^^^^^^^^^^^^^^^^^^^^^^^^^^^^^^^^^
   ğŸ“‹ UnicodeEncodeError: 'charmap' codec can't encode character '\U0001f4cb' in position 33: character maps to <undefined>
   ğŸ“‹ Call stack:
   ğŸ“‹ File "C:\Users\Zaryab Jibu\Desktop\Python\Stake_clean\robust_stake_scraper.py", line 1060, in <module>
   ğŸ“‹ asyncio.run(main())
   ğŸ“‹ File "C:\Users\Zaryab Jibu\AppData\Local\Programs\Python\Python311\Lib\asyncio\runners.py", line 190, in run
   ğŸ“‹ return runner.run(main)
   ğŸ“‹ File "C:\Users\Zaryab Jibu\AppData\Local\Programs\Python\Python311\Lib\asyncio\runners.py", line 118, in run
   ğŸ“‹ return self._loop.run_until_complete(task)
   ğŸ“‹ File "C:\Users\Zaryab Jibu\AppData\Local\Programs\Python\Python311\Lib\asyncio\base_events.py", line 640, in run_until_complete
   ğŸ“‹ self.run_forever()
   ğŸ“‹ File "C:\Users\Zaryab Jibu\AppData\Local\Programs\Python\Python311\Lib\asyncio\windows_events.py", line 321, in run_forever
   ğŸ“‹ super().run_forever()
   ğŸ“‹ File "C:\Users\Zaryab Jibu\AppData\Local\Programs\Python\Python311\Lib\asyncio\base_events.py", line 607, in run_forever
   ğŸ“‹ self._run_once()
   ğŸ“‹ File "C:\Users\Zaryab Jibu\AppData\Local\Programs\Python\Python311\Lib\asyncio\base_events.py", line 1922, in _run_once
   ğŸ“‹ handle._run()
   ğŸ“‹ File "C:\Users\Zaryab Jibu\AppData\Local\Programs\Python\Python311\Lib\asyncio\events.py", line 80, in _run
   ğŸ“‹ self._context.run(self._callback, *self._args)
   ğŸ“‹ File "C:\Users\Zaryab Jibu\Desktop\Python\Stake_clean\robust_stake_scraper.py", line 841, in fetch_with_semaphore
   ğŸ“‹ return await self.fetch_provider_games_initial(provider)
   ğŸ“‹ File "C:\Users\Zaryab Jibu\Desktop\Python\Stake_clean\robust_stake_scraper.py", line 309, in fetch_provider_games_initial
   ğŸ“‹ self.logger.info(f"\U0001f4cb Provider {provider.name} initial data already fetched")
   ğŸ“‹ Message: '\U0001f4cb Provider Massive Studios initial data already fetched'
   ğŸ“‹ Arguments: ()
   ğŸ“‹ --- Logging error ---
   ğŸ“‹ Traceback (most recent call last):
   ğŸ“‹ File "C:\Users\Zaryab Jibu\AppData\Local\Programs\Python\Python311\Lib\logging\__init__.py", line 1113, in emit
   ğŸ“‹ stream.write(msg + self.terminator)
   ğŸ“‹ File "C:\Users\Zaryab Jibu\AppData\Local\Programs\Python\Python311\Lib\encodings\cp1252.py", line 19, in encode
   ğŸ“‹ return codecs.charmap_encode(input,self.errors,encoding_table)[0]
   ğŸ“‹ ^^^^^^^^^^^^^^^^^^^^^^^^^^^^^^^^^^^^^^^^^^^^^^^^^^^^^^^
   ğŸ“‹ UnicodeEncodeError: 'charmap' codec can't encode character '\u2705' in position 33: character maps to <undefined>
   ğŸ“‹ Call stack:
   ğŸ“‹ File "C:\Users\Zaryab Jibu\Desktop\Python\Stake_clean\robust_stake_scraper.py", line 1060, in <module>
   ğŸ“‹ asyncio.run(main())
   ğŸ“‹ File "C:\Users\Zaryab Jibu\AppData\Local\Programs\Python\Python311\Lib\asyncio\runners.py", line 190, in run
   ğŸ“‹ return runner.run(main)
   ğŸ“‹ File "C:\Users\Zaryab Jibu\AppData\Local\Programs\Python\Python311\Lib\asyncio\runners.py", line 118, in run
   ğŸ“‹ return self._loop.run_until_complete(task)
   ğŸ“‹ File "C:\Users\Zaryab Jibu\AppData\Local\Programs\Python\Python311\Lib\asyncio\base_events.py", line 640, in run_until_complete
   ğŸ“‹ self.run_forever()
   ğŸ“‹ File "C:\Users\Zaryab Jibu\AppData\Local\Programs\Python\Python311\Lib\asyncio\windows_events.py", line 321, in run_forever
   ğŸ“‹ super().run_forever()
   ğŸ“‹ File "C:\Users\Zaryab Jibu\AppData\Local\Programs\Python\Python311\Lib\asyncio\base_events.py", line 607, in run_forever
   ğŸ“‹ self._run_once()
   ğŸ“‹ File "C:\Users\Zaryab Jibu\AppData\Local\Programs\Python\Python311\Lib\asyncio\base_events.py", line 1922, in _run_once
   ğŸ“‹ handle._run()
   ğŸ“‹ File "C:\Users\Zaryab Jibu\AppData\Local\Programs\Python\Python311\Lib\asyncio\events.py", line 80, in _run
   ğŸ“‹ self._context.run(self._callback, *self._args)
   ğŸ“‹ File "C:\Users\Zaryab Jibu\Desktop\Python\Stake_clean\robust_stake_scraper.py", line 841, in fetch_with_semaphore
   ğŸ“‹ return await self.fetch_provider_games_initial(provider)
   ğŸ“‹ File "C:\Users\Zaryab Jibu\Desktop\Python\Stake_clean\robust_stake_scraper.py", line 306, in fetch_provider_games_initial
   ğŸ“‹ existing_checkpoint = self.checkpoint_manager.load_checkpoint(checkpoint_name)
   ğŸ“‹ File "C:\Users\Zaryab Jibu\Desktop\Python\Stake_clean\robust_stake_scraper.py", line 103, in load_checkpoint
   ğŸ“‹ logging.info(f"\u2705 Checkpoint loaded: {checkpoint_name}")
   ğŸ“‹ Message: '\u2705 Checkpoint loaded: provider_twist-gaming_initial'
   ğŸ“‹ Arguments: ()
   ğŸ“‹ --- Logging error ---
   ğŸ“‹ Traceback (most recent call last):
   ğŸ“‹ File "C:\Users\Zaryab Jibu\AppData\Local\Programs\Python\Python311\Lib\logging\__init__.py", line 1113, in emit
   ğŸ“‹ stream.write(msg + self.terminator)
   ğŸ“‹ File "C:\Users\Zaryab Jibu\AppData\Local\Programs\Python\Python311\Lib\encodings\cp1252.py", line 19, in encode
   ğŸ“‹ return codecs.charmap_encode(input,self.errors,encoding_table)[0]
   ğŸ“‹ ^^^^^^^^^^^^^^^^^^^^^^^^^^^^^^^^^^^^^^^^^^^^^^^^^^^^^^^
   ğŸ“‹ UnicodeEncodeError: 'charmap' codec can't encode character '\U0001f4cb' in position 33: character maps to <undefined>
   ğŸ“‹ Call stack:
   ğŸ“‹ File "C:\Users\Zaryab Jibu\Desktop\Python\Stake_clean\robust_stake_scraper.py", line 1060, in <module>
   ğŸ“‹ asyncio.run(main())
   ğŸ“‹ File "C:\Users\Zaryab Jibu\AppData\Local\Programs\Python\Python311\Lib\asyncio\runners.py", line 190, in run
   ğŸ“‹ return runner.run(main)
   ğŸ“‹ File "C:\Users\Zaryab Jibu\AppData\Local\Programs\Python\Python311\Lib\asyncio\runners.py", line 118, in run
   ğŸ“‹ return self._loop.run_until_complete(task)
   ğŸ“‹ File "C:\Users\Zaryab Jibu\AppData\Local\Programs\Python\Python311\Lib\asyncio\base_events.py", line 640, in run_until_complete
   ğŸ“‹ self.run_forever()
   ğŸ“‹ File "C:\Users\Zaryab Jibu\AppData\Local\Programs\Python\Python311\Lib\asyncio\windows_events.py", line 321, in run_forever
   ğŸ“‹ super().run_forever()
   ğŸ“‹ File "C:\Users\Zaryab Jibu\AppData\Local\Programs\Python\Python311\Lib\asyncio\base_events.py", line 607, in run_forever
   ğŸ“‹ self._run_once()
   ğŸ“‹ File "C:\Users\Zaryab Jibu\AppData\Local\Programs\Python\Python311\Lib\asyncio\base_events.py", line 1922, in _run_once
   ğŸ“‹ handle._run()
   ğŸ“‹ File "C:\Users\Zaryab Jibu\AppData\Local\Programs\Python\Python311\Lib\asyncio\events.py", line 80, in _run
   ğŸ“‹ self._context.run(self._callback, *self._args)
   ğŸ“‹ File "C:\Users\Zaryab Jibu\Desktop\Python\Stake_clean\robust_stake_scraper.py", line 841, in fetch_with_semaphore
   ğŸ“‹ return await self.fetch_provider_games_initial(provider)
   ğŸ“‹ File "C:\Users\Zaryab Jibu\Desktop\Python\Stake_clean\robust_stake_scraper.py", line 309, in fetch_provider_games_initial
   ğŸ“‹ self.logger.info(f"\U0001f4cb Provider {provider.name} initial data already fetched")
   ğŸ“‹ Message: '\U0001f4cb Provider Twist Gaming initial data already fetched'
   ğŸ“‹ Arguments: ()
   ğŸ“‹ --- Logging error ---
   ğŸ“‹ Traceback (most recent call last):
   ğŸ“‹ File "C:\Users\Zaryab Jibu\AppData\Local\Programs\Python\Python311\Lib\logging\__init__.py", line 1113, in emit
   ğŸ“‹ stream.write(msg + self.terminator)
   ğŸ“‹ File "C:\Users\Zaryab Jibu\AppData\Local\Programs\Python\Python311\Lib\encodings\cp1252.py", line 19, in encode
   ğŸ“‹ return codecs.charmap_encode(input,self.errors,encoding_table)[0]
   ğŸ“‹ ^^^^^^^^^^^^^^^^^^^^^^^^^^^^^^^^^^^^^^^^^^^^^^^^^^^^^^^
   ğŸ“‹ UnicodeEncodeError: 'charmap' codec can't encode character '\u2705' in position 33: character maps to <undefined>
   ğŸ“‹ Call stack:
   ğŸ“‹ File "C:\Users\Zaryab Jibu\Desktop\Python\Stake_clean\robust_stake_scraper.py", line 1060, in <module>
   ğŸ“‹ asyncio.run(main())
   ğŸ“‹ File "C:\Users\Zaryab Jibu\AppData\Local\Programs\Python\Python311\Lib\asyncio\runners.py", line 190, in run
   ğŸ“‹ return runner.run(main)
   ğŸ“‹ File "C:\Users\Zaryab Jibu\AppData\Local\Programs\Python\Python311\Lib\asyncio\runners.py", line 118, in run
   ğŸ“‹ return self._loop.run_until_complete(task)
   ğŸ“‹ File "C:\Users\Zaryab Jibu\AppData\Local\Programs\Python\Python311\Lib\asyncio\base_events.py", line 640, in run_until_complete
   ğŸ“‹ self.run_forever()
   ğŸ“‹ File "C:\Users\Zaryab Jibu\AppData\Local\Programs\Python\Python311\Lib\asyncio\windows_events.py", line 321, in run_forever
   ğŸ“‹ super().run_forever()
   ğŸ“‹ File "C:\Users\Zaryab Jibu\AppData\Local\Programs\Python\Python311\Lib\asyncio\base_events.py", line 607, in run_forever
   ğŸ“‹ self._run_once()
   ğŸ“‹ File "C:\Users\Zaryab Jibu\AppData\Local\Programs\Python\Python311\Lib\asyncio\base_events.py", line 1922, in _run_once
   ğŸ“‹ handle._run()
   ğŸ“‹ File "C:\Users\Zaryab Jibu\AppData\Local\Programs\Python\Python311\Lib\asyncio\events.py", line 80, in _run
   ğŸ“‹ self._context.run(self._callback, *self._args)
   ğŸ“‹ File "C:\Users\Zaryab Jibu\Desktop\Python\Stake_clean\robust_stake_scraper.py", line 841, in fetch_with_semaphore
   ğŸ“‹ return await self.fetch_provider_games_initial(provider)
   ğŸ“‹ File "C:\Users\Zaryab Jibu\Desktop\Python\Stake_clean\robust_stake_scraper.py", line 306, in fetch_provider_games_initial
   ğŸ“‹ existing_checkpoint = self.checkpoint_manager.load_checkpoint(checkpoint_name)
   ğŸ“‹ File "C:\Users\Zaryab Jibu\Desktop\Python\Stake_clean\robust_stake_scraper.py", line 103, in load_checkpoint
   ğŸ“‹ logging.info(f"\u2705 Checkpoint loaded: {checkpoint_name}")
   ğŸ“‹ Message: '\u2705 Checkpoint loaded: provider_titan-gaming_initial'
   ğŸ“‹ Arguments: ()
   ğŸ“‹ --- Logging error ---
   ğŸ“‹ Traceback (most recent call last):
   ğŸ“‹ File "C:\Users\Zaryab Jibu\AppData\Local\Programs\Python\Python311\Lib\logging\__init__.py", line 1113, in emit
   ğŸ“‹ stream.write(msg + self.terminator)
   ğŸ“‹ File "C:\Users\Zaryab Jibu\AppData\Local\Programs\Python\Python311\Lib\encodings\cp1252.py", line 19, in encode
   ğŸ“‹ return codecs.charmap_encode(input,self.errors,encoding_table)[0]
   ğŸ“‹ ^^^^^^^^^^^^^^^^^^^^^^^^^^^^^^^^^^^^^^^^^^^^^^^^^^^^^^^
   ğŸ“‹ UnicodeEncodeError: 'charmap' codec can't encode character '\U0001f4cb' in position 33: character maps to <undefined>
   ğŸ“‹ Call stack:
   ğŸ“‹ File "C:\Users\Zaryab Jibu\Desktop\Python\Stake_clean\robust_stake_scraper.py", line 1060, in <module>
   ğŸ“‹ asyncio.run(main())
   ğŸ“‹ File "C:\Users\Zaryab Jibu\AppData\Local\Programs\Python\Python311\Lib\asyncio\runners.py", line 190, in run
   ğŸ“‹ return runner.run(main)
   ğŸ“‹ File "C:\Users\Zaryab Jibu\AppData\Local\Programs\Python\Python311\Lib\asyncio\runners.py", line 118, in run
   ğŸ“‹ return self._loop.run_until_complete(task)
   ğŸ“‹ File "C:\Users\Zaryab Jibu\AppData\Local\Programs\Python\Python311\Lib\asyncio\base_events.py", line 640, in run_until_complete
   ğŸ“‹ self.run_forever()
   ğŸ“‹ File "C:\Users\Zaryab Jibu\AppData\Local\Programs\Python\Python311\Lib\asyncio\windows_events.py", line 321, in run_forever
   ğŸ“‹ super().run_forever()
   ğŸ“‹ File "C:\Users\Zaryab Jibu\AppData\Local\Programs\Python\Python311\Lib\asyncio\base_events.py", line 607, in run_forever
   ğŸ“‹ self._run_once()
   ğŸ“‹ File "C:\Users\Zaryab Jibu\AppData\Local\Programs\Python\Python311\Lib\asyncio\base_events.py", line 1922, in _run_once
   ğŸ“‹ handle._run()
   ğŸ“‹ File "C:\Users\Zaryab Jibu\AppData\Local\Programs\Python\Python311\Lib\asyncio\events.py", line 80, in _run
   ğŸ“‹ self._context.run(self._callback, *self._args)
   ğŸ“‹ File "C:\Users\Zaryab Jibu\Desktop\Python\Stake_clean\robust_stake_scraper.py", line 841, in fetch_with_semaphore
   ğŸ“‹ return await self.fetch_provider_games_initial(provider)
   ğŸ“‹ File "C:\Users\Zaryab Jibu\Desktop\Python\Stake_clean\robust_stake_scraper.py", line 309, in fetch_provider_games_initial
   ğŸ“‹ self.logger.info(f"\U0001f4cb Provider {provider.name} initial data already fetched")
   ğŸ“‹ Message: '\U0001f4cb Provider Titan Gaming initial data already fetched'
   ğŸ“‹ Arguments: ()
   ğŸ“‹ --- Logging error ---
   ğŸ“‹ Traceback (most recent call last):
   ğŸ“‹ File "C:\Users\Zaryab Jibu\AppData\Local\Programs\Python\Python311\Lib\logging\__init__.py", line 1113, in emit
   ğŸ“‹ stream.write(msg + self.terminator)
   ğŸ“‹ File "C:\Users\Zaryab Jibu\AppData\Local\Programs\Python\Python311\Lib\encodings\cp1252.py", line 19, in encode
   ğŸ“‹ return codecs.charmap_encode(input,self.errors,encoding_table)[0]
   ğŸ“‹ ^^^^^^^^^^^^^^^^^^^^^^^^^^^^^^^^^^^^^^^^^^^^^^^^^^^^^^^
   ğŸ“‹ UnicodeEncodeError: 'charmap' codec can't encode character '\u2705' in position 33: character maps to <undefined>
   ğŸ“‹ Call stack:
   ğŸ“‹ File "C:\Users\Zaryab Jibu\Desktop\Python\Stake_clean\robust_stake_scraper.py", line 1060, in <module>
   ğŸ“‹ asyncio.run(main())
   ğŸ“‹ File "C:\Users\Zaryab Jibu\AppData\Local\Programs\Python\Python311\Lib\asyncio\runners.py", line 190, in run
   ğŸ“‹ return runner.run(main)
   ğŸ“‹ File "C:\Users\Zaryab Jibu\AppData\Local\Programs\Python\Python311\Lib\asyncio\runners.py", line 118, in run
   ğŸ“‹ return self._loop.run_until_complete(task)
   ğŸ“‹ File "C:\Users\Zaryab Jibu\AppData\Local\Programs\Python\Python311\Lib\asyncio\base_events.py", line 640, in run_until_complete
   ğŸ“‹ self.run_forever()
   ğŸ“‹ File "C:\Users\Zaryab Jibu\AppData\Local\Programs\Python\Python311\Lib\asyncio\windows_events.py", line 321, in run_forever
   ğŸ“‹ super().run_forever()
   ğŸ“‹ File "C:\Users\Zaryab Jibu\AppData\Local\Programs\Python\Python311\Lib\asyncio\base_events.py", line 607, in run_forever
   ğŸ“‹ self._run_once()
   ğŸ“‹ File "C:\Users\Zaryab Jibu\AppData\Local\Programs\Python\Python311\Lib\asyncio\base_events.py", line 1922, in _run_once
   ğŸ“‹ handle._run()
   ğŸ“‹ File "C:\Users\Zaryab Jibu\AppData\Local\Programs\Python\Python311\Lib\asyncio\events.py", line 80, in _run
   ğŸ“‹ self._context.run(self._callback, *self._args)
   ğŸ“‹ File "C:\Users\Zaryab Jibu\Desktop\Python\Stake_clean\robust_stake_scraper.py", line 841, in fetch_with_semaphore
   ğŸ“‹ return await self.fetch_provider_games_initial(provider)
[01:31:45] WARNING: â¹ï¸ Process interrupted by user
